TN:
SF:/Users/owner/Desktop/HRATX/Search-Banner/config.js
FNF:0
FNH:0
DA:1,3
LF:1
LH:1
BRF:0
BRH:0
end_of_record
TN:
SF:/Users/owner/Desktop/HRATX/Search-Banner/db/mongodb/items.js
FN:8,findOneItem
FNF:1
FNH:0
FNDA:0,findOneItem
DA:1,3
DA:9,0
DA:13,0
DA:16,3
LF:4
LH:2
BRF:0
BRH:0
end_of_record
TN:
SF:/Users/owner/Desktop/HRATX/Search-Banner/db/mongodb/mongodb.js
FN:17,connect
FN:18,(anonymous_1)
FN:29,initializeDatabases
FN:46,getSearchBarDatabase
FN:59,getItemsCollection
FNF:5
FNH:0
FNDA:0,connect
FNDA:0,(anonymous_1)
FNDA:0,initializeDatabases
FNDA:0,getSearchBarDatabase
FNDA:0,getItemsCollection
DA:1,3
DA:2,3
DA:4,3
DA:8,3
DA:18,0
DA:31,0
DA:35,0
DA:47,0
DA:60,0
DA:63,3
LF:10
LH:5
BRF:0
BRH:0
end_of_record
TN:
SF:/Users/owner/Desktop/HRATX/Search-Banner/db/postgres/items.js
FNF:0
FNH:0
DA:1,3
DA:3,3
LF:2
LH:2
BRF:0
BRH:0
end_of_record
TN:
SF:/Users/owner/Desktop/HRATX/Search-Banner/db/postgres/postgres.js
FN:3,intializePG
FNF:1
FNH:0
FNDA:0,intializePG
DA:1,3
DA:4,0
DA:5,0
DA:6,0
DA:7,0
DA:10,3
LF:6
LH:2
BRF:0
BRH:0
end_of_record
TN:
SF:/Users/owner/Desktop/HRATX/Search-Banner/server/app.js
FN:27,(anonymous_0)
FN:31,(anonymous_1)
FN:35,(anonymous_2)
FN:39,(anonymous_3)
FN:43,(anonymous_4)
FN:47,(anonymous_5)
FN:51,(anonymous_6)
FN:55,(anonymous_7)
FN:59,(anonymous_8)
FN:63,(anonymous_9)
FN:67,(anonymous_10)
FNF:11
FNH:10
FNDA:1,(anonymous_0)
FNDA:1,(anonymous_1)
FNDA:1,(anonymous_2)
FNDA:1,(anonymous_3)
FNDA:1,(anonymous_4)
FNDA:1,(anonymous_5)
FNDA:1,(anonymous_6)
FNDA:0,(anonymous_7)
FNDA:1,(anonymous_8)
FNDA:1,(anonymous_9)
FNDA:1,(anonymous_10)
DA:1,3
DA:2,3
DA:3,3
DA:4,3
DA:5,3
DA:6,3
DA:8,3
DA:9,3
DA:10,3
DA:11,3
DA:17,3
DA:19,3
DA:27,3
DA:28,1
DA:31,3
DA:32,1
DA:35,3
DA:36,1
DA:39,3
DA:40,1
DA:43,3
DA:44,1
DA:47,3
DA:48,1
DA:51,3
DA:52,1
DA:55,3
DA:56,0
DA:59,3
DA:60,1
DA:63,3
DA:64,1
DA:67,3
DA:68,1
DA:71,3
LF:35
LH:34
BRF:0
BRH:0
end_of_record
TN:
SF:/Users/owner/Desktop/HRATX/Search-Banner/server/routes/items.routes.js
FN:11,(anonymous_0)
FN:12,(anonymous_1)
FN:17,(anonymous_2)
FN:18,(anonymous_3)
FN:29,(anonymous_4)
FNF:5
FNH:2
FNDA:3,(anonymous_0)
FNDA:0,(anonymous_1)
FNDA:0,(anonymous_2)
FNDA:0,(anonymous_3)
FNDA:1,(anonymous_4)
DA:1,3
DA:6,3
DA:7,3
DA:9,3
DA:11,3
DA:12,3
DA:13,0
DA:17,3
DA:18,0
DA:19,0
DA:29,3
DA:30,1
DA:72,3
LF:13
LH:10
BRF:0
BRH:0
end_of_record
